stratum_bmv2 -device_id=1 -chassis_config_file=/tmp/leaf2/chassis-config.txt -forwarding_pipeline_configs_file=/tmp/leaf2/pipe.txt -persistent_config_dir=/tmp/leaf2 -initial_pipeline=/root/dummy.json -cpu_port=255 -external_stratum_urls=0.0.0.0:50002 -local_stratum_url=localhost:46223 -max_num_controllers_per_node=10 -write_req_log_file=/tmp/leaf2/write-reqs.txt -logtosyslog=false -logtostderr=true -bmv2_log_level=warn

--------------------------------------------------------------------------------

E1019 22:11:00.546461   144 main.cc:121] Starting bmv2 simple_switch and waiting for P4 pipeline
W1019 22:11:00.558336   144 credentials_manager.cc:45] Using insecure server credentials
I1019 22:11:00.558789   144 timer_daemon.cc:90] The timer daemon has been started.
I1019 22:11:00.558864   144 hal.cc:128] Setting up HAL in COLDBOOT mode...
I1019 22:11:00.558967   144 config_monitoring_service.cc:90] Pushing the saved chassis config read from /tmp/leaf2/chassis-config.txt...
I1019 22:11:00.571450   144 bmv2_chassis_manager.cc:476] Registered port status callbacks successfully for node 1.
I1019 22:11:00.571494   144 bmv2_chassis_manager.cc:61] Adding port 1 to node 1
I1019 22:11:00.614630   144 bmv2_chassis_manager.cc:61] Adding port 2 to node 1
I1019 22:11:00.640041   144 bmv2_chassis_manager.cc:61] Adding port 3 to node 1
I1019 22:11:00.673975   144 bmv2_chassis_manager.cc:61] Adding port 4 to node 1
I1019 22:11:00.714149   144 p4_service.cc:119] Pushing the saved forwarding pipeline configs read from /tmp/leaf2/pipe.txt...
E1019 22:11:00.714232   144 utils.cc:109] StratumErrorSpace::ERR_FILE_NOT_FOUND: /tmp/leaf2/pipe.txt not found.
E1019 22:11:00.714558   144 utils.cc:65] Return Error: ReadFileToString(filename, &text) failed with StratumErrorSpace::ERR_FILE_NOT_FOUND: /tmp/leaf2/pipe.txt not found.
W1019 22:11:00.714574   144 p4_service.cc:128] No saved forwarding pipeline config found at /tmp/leaf2/pipe.txt. This is normal when the switch is just installed and no master controller is connected yet.
E1019 22:11:00.715808608     144 server_chttp2.cc:40]        {"created":"@1697753460.715767607","description":"Only 1 addresses added out of total 2 resolved","file":"external/com_github_grpc_grpc/src/core/ext/transport/chttp2/server/chttp2_server.cc","file_line":406,"referenced_errors":[{"created":"@1697753460.715763109","description":"Address family not supported by protocol","errno":97,"file":"external/com_github_grpc_grpc/src/core/lib/iomgr/socket_utils_common_posix.cc","file_line":420,"os_error":"Address family not supported by protocol","syscall":"socket","target_address":"[::1]:46223"}]}
E1019 22:11:00.716323   144 hal.cc:223] Stratum external facing services are listening to 0.0.0.0:50002, localhost:46223...
I1019 22:11:00.763558   214 bmv2_chassis_manager.cc:409] State of port 1 in node 1: UP.
I1019 22:11:00.763639   214 bmv2_chassis_manager.cc:409] State of port 2 in node 1: UP.
I1019 22:11:00.763660   214 bmv2_chassis_manager.cc:409] State of port 3 in node 1: UP.
I1019 22:11:00.763672   214 bmv2_chassis_manager.cc:409] State of port 4 in node 1: UP.
I1019 22:11:51.847199   226 p4_service.cc:696] Controller (connection_id: 1, election_id: 20, uri: ipv4:172.21.0.3:46118) is connected as MASTER for node (aka device) with ID 1.
I1019 22:11:51.917229   226 p4_service.cc:696] Controller (connection_id: 1, election_id: 20, uri: ipv4:172.21.0.3:46118) is connected as MASTER for node (aka device) with ID 1.
I1019 22:11:52.210729   235 bmv2_switch.cc:74] P4-based forwarding pipeline config pushed successfully to node with ID 1.
E1019 22:11:52.493263   243 bmv2_switch.cc:189] StratumErrorSpace::ERR_INTERNAL: Not supported yet
E1019 22:11:52.493363   243 bmv2_switch.cc:189] StratumErrorSpace::ERR_INTERNAL: Not supported yet
E1019 22:11:52.494261   243 bmv2_switch.cc:189] StratumErrorSpace::ERR_INTERNAL: Not supported yet
E1019 22:11:52.494334   243 bmv2_switch.cc:189] StratumErrorSpace::ERR_INTERNAL: Not supported yet
E1019 22:11:52.494477   243 bmv2_switch.cc:189] StratumErrorSpace::ERR_INTERNAL: Not supported yet
E1019 22:11:52.494959   243 bmv2_switch.cc:189] StratumErrorSpace::ERR_INTERNAL: Not supported yet
E1019 22:11:52.495065   243 bmv2_switch.cc:189] StratumErrorSpace::ERR_INTERNAL: Not supported yet
E1019 22:11:52.496031   243 bmv2_switch.cc:189] StratumErrorSpace::ERR_INTERNAL: Not supported yet
E1019 22:11:52.496107   243 bmv2_switch.cc:189] StratumErrorSpace::ERR_INTERNAL: Not supported yet
E1019 22:11:52.496253   243 bmv2_switch.cc:189] StratumErrorSpace::ERR_INTERNAL: Not supported yet
E1019 22:11:52.496733   243 bmv2_switch.cc:189] StratumErrorSpace::ERR_INTERNAL: Not supported yet
E1019 22:11:52.496807   243 bmv2_switch.cc:189] StratumErrorSpace::ERR_INTERNAL: Not supported yet
E1019 22:11:52.497731   243 bmv2_switch.cc:189] StratumErrorSpace::ERR_INTERNAL: Not supported yet
E1019 22:11:52.497804   243 bmv2_switch.cc:189] StratumErrorSpace::ERR_INTERNAL: Not supported yet
E1019 22:11:52.497952   243 bmv2_switch.cc:189] StratumErrorSpace::ERR_INTERNAL: Not supported yet
E1019 22:11:52.498497   243 bmv2_switch.cc:189] StratumErrorSpace::ERR_INTERNAL: Not supported yet
E1019 22:11:52.498574   243 bmv2_switch.cc:189] StratumErrorSpace::ERR_INTERNAL: Not supported yet
E1019 22:11:52.499503   243 bmv2_switch.cc:189] StratumErrorSpace::ERR_INTERNAL: Not supported yet
E1019 22:11:52.499577   243 bmv2_switch.cc:189] StratumErrorSpace::ERR_INTERNAL: Not supported yet
E1019 22:11:52.499724   243 bmv2_switch.cc:189] StratumErrorSpace::ERR_INTERNAL: Not supported yet
I1019 22:11:52.550153   226 p4_service.cc:696] Controller (connection_id: 1, election_id: 20, uri: ipv4:172.21.0.3:46118) is connected as MASTER for node (aka device) with ID 1.
I1019 22:11:52.898247   235 config_monitoring_service.cc:377] Initial Subscribe request from ipv4:172.21.0.3:53404 over stream 0x7fd7cbffe510.
